#
# There is insufficient memory for the Java Runtime Environment to continue.
# Native memory allocation (malloc) failed to allocate 1433168 bytes for Chunk::new
# Possible reasons:
#   The system is out of physical RAM or swap space
#   In 32 bit mode, the process size limit was hit
# Possible solutions:
#   Reduce memory load on the system
#   Increase physical memory or swap space
#   Check if swap backing store is full
#   Use 64 bit Java on a 64 bit OS
#   Decrease Java heap size (-Xmx/-Xms)
#   Decrease number of Java threads
#   Decrease Java thread stack sizes (-Xss)
#   Set larger code cache with -XX:ReservedCodeCacheSize=
# This output file may be truncated or incomplete.
#
#  Out of Memory Error (allocation.cpp:390), pid=7420, tid=0x000000000000135c
#
# JRE version: Java(TM) SE Runtime Environment (8.0_171-b11) (build 1.8.0_171-b11)
# Java VM: Java HotSpot(TM) 64-Bit Server VM (25.171-b11 mixed mode windows-amd64 compressed oops)
# Failed to write core dump. Minidumps are not enabled by default on client versions of Windows
#

---------------  T H R E A D  ---------------

Current thread (0x0000000015d44800):  JavaThread "C2 CompilerThread0" daemon [_thread_in_native, id=4956, stack(0x0000000015870000,0x0000000015970000)]

Stack: [0x0000000015870000,0x0000000015970000]
[error occurred during error reporting (printing stack bounds), id 0xc0000005]

Native frames: (J=compiled Java code, j=interpreted, Vv=VM code, C=native code)


Current CompileTask:
C2: 138095 5153       4       org.springframework.asm.ClassReader::readCode (7176 bytes)


---------------  P R O C E S S  ---------------

Java Threads: ( => current thread )
  0x0000000018864000 JavaThread "mysql-cj-abandoned-connection-cleanup" daemon [_thread_blocked, id=9360, stack(0x0000000019520000,0x0000000019620000)]
  0x0000000016193800 JavaThread "surefire-forkedjvm-ping-30s" daemon [_thread_blocked, id=2292, stack(0x0000000017910000,0x0000000017a10000)]
  0x0000000016265800 JavaThread "surefire-forkedjvm-command-thread" daemon [_thread_in_native, id=4080, stack(0x0000000016840000,0x0000000016940000)]
  0x0000000015e3a000 JavaThread "Service Thread" daemon [_thread_blocked, id=7028, stack(0x0000000016640000,0x0000000016740000)]
  0x0000000015d8c000 JavaThread "C1 CompilerThread1" daemon [_thread_blocked, id=6972, stack(0x0000000016540000,0x0000000016640000)]
=>0x0000000015d44800 JavaThread "C2 CompilerThread0" daemon [_thread_in_native, id=4956, stack(0x0000000015870000,0x0000000015970000)]
  0x000000001441e000 JavaThread "Attach Listener" daemon [_thread_blocked, id=8144, stack(0x0000000015370000,0x0000000015470000)]
  0x000000001441a800 JavaThread "Signal Dispatcher" daemon [_thread_blocked, id=9188, stack(0x0000000015270000,0x0000000015370000)]
  0x000000000208c000 JavaThread "Finalizer" daemon [_thread_blocked, id=4640, stack(0x0000000015070000,0x0000000015170000)]
  0x0000000002082000 JavaThread "Reference Handler" daemon [_thread_blocked, id=9304, stack(0x0000000014f70000,0x0000000015070000)]
  0x0000000001f92800 JavaThread "main" [_thread_in_Java, id=7304, stack(0x0000000001d70000,0x0000000001e70000)]

Other Threads:
  0x0000000002079000 VMThread [stack: 0x0000000014e70000,0x0000000014f70000] [id=6340]
  0x0000000015d4a000 WatcherThread [stack: 0x0000000016740000,0x0000000016840000] [id=6832]

VM state:not at safepoint (normal execution)

VM Mutex/Monitor currently owned by a thread: None

Heap:
 PSYoungGen      total 42496K, used 41506K [0x00000000eb400000, 0x00000000ee180000, 0x0000000100000000)
  eden space 40448K, 98% used [0x00000000eb400000,0x00000000edaebd08,0x00000000edb80000)
  from space 2048K, 80% used [0x00000000edd00000,0x00000000ede9ceb0,0x00000000edf00000)
  to   space 2560K, 0% used [0x00000000edf00000,0x00000000edf00000,0x00000000ee180000)
 ParOldGen       total 35328K, used 16629K [0x00000000c1c00000, 0x00000000c3e80000, 0x00000000eb400000)
  object space 35328K, 47% used [0x00000000c1c00000,0x00000000c2c3d7b0,0x00000000c3e80000)
 Metaspace       used 53983K, capacity 55782K, committed 56192K, reserved 1097728K
  class space    used 6655K, capacity 7001K, committed 7040K, reserved 1048576K

Card table byte_map: [0x0000000011450000,0x0000000011650000] byte_map_base: 0x0000000010e42000

Marking Bits: (ParMarkBitMap*) 0x0000000059b208c0
 Begin Bits: [0x00000000119a0000, 0x0000000012930000)
 End Bits:   [0x0000000012930000, 0x00000000138c0000)

Polling page: 0x0000000000420000

CodeCache: size=245760Kb used=17090Kb max_used=17090Kb free=228669Kb
 bounds [0x0000000002090000, 0x0000000003160000, 0x0000000011090000]
 total_blobs=4948 nmethods=4434 adapters=427
 compilation: enabled

Compilation events (10 events):
Event: 137.792 Thread 0x0000000015d8c000 5240       3       java.net.URLClassLoader$3::hasMoreElements (5 bytes)
Event: 137.792 Thread 0x0000000015d8c000 nmethod 5240 0x0000000003116610 code [0x0000000003116780, 0x0000000003116908]
Event: 137.792 Thread 0x0000000015d8c000 5241       3       org.springframework.core.convert.TypeDescriptor::getAnnotations (17 bytes)
Event: 137.792 Thread 0x0000000015d8c000 nmethod 5241 0x0000000003116990 code [0x0000000003116b00, 0x0000000003116d18]
Event: 137.792 Thread 0x0000000015d8c000 5242       3       org.springframework.core.convert.TypeDescriptor$AnnotatedElementAdapter::getAnnotations (37 bytes)
Event: 137.793 Thread 0x0000000015d8c000 nmethod 5242 0x0000000003116e50 code [0x0000000003116fe0, 0x00000000031172f8]
Event: 137.793 Thread 0x0000000015d8c000 5238       3       org.springframework.boot.context.properties.source.SystemEnvironmentPropertyMapper::convertName (19 bytes)
Event: 137.794 Thread 0x0000000015d8c000 nmethod 5238 0x0000000003117550 code [0x0000000003117700, 0x0000000003117b38]
Event: 137.803 Thread 0x0000000015d8c000 5243       3       org.springframework.core.type.classreading.ClassMetadataReadingVisitor$EmptyFieldVisitor::$jacocoInit (51 bytes)
Event: 137.804 Thread 0x0000000015d8c000 nmethod 5243 0x0000000003117f50 code [0x0000000003118120, 0x0000000003118998]

GC Heap History (10 events):
Event: 123.530 GC heap before
{Heap before GC invocations=41 (full 2):
 PSYoungGen      total 48128K, used 47492K [0x00000000eb400000, 0x00000000eed80000, 0x0000000100000000)
  eden space 45568K, 100% used [0x00000000eb400000,0x00000000ee080000,0x00000000ee080000)
  from space 2560K, 75% used [0x00000000ee380000,0x00000000ee561340,0x00000000ee600000)
  to   space 3072K, 0% used [0x00000000ee080000,0x00000000ee080000,0x00000000ee380000)
 ParOldGen       total 35328K, used 14749K [0x00000000c1c00000, 0x00000000c3e80000, 0x00000000eb400000)
  object space 35328K, 41% used [0x00000000c1c00000,0x00000000c2a67740,0x00000000c3e80000)
 Metaspace       used 46767K, capacity 48428K, committed 48768K, reserved 1091584K
  class space    used 5656K, capacity 5964K, committed 6016K, reserved 1048576K
Event: 123.541 GC heap after
Heap after GC invocations=41 (full 2):
 PSYoungGen      total 46592K, used 1664K [0x00000000eb400000, 0x00000000ee580000, 0x0000000100000000)
  eden space 44544K, 0% used [0x00000000eb400000,0x00000000eb400000,0x00000000edf80000)
  from space 2048K, 81% used [0x00000000ee080000,0x00000000ee2200c8,0x00000000ee280000)
  to   space 3072K, 0% used [0x00000000ee280000,0x00000000ee280000,0x00000000ee580000)
 ParOldGen       total 35328K, used 15093K [0x00000000c1c00000, 0x00000000c3e80000, 0x00000000eb400000)
  object space 35328K, 42% used [0x00000000c1c00000,0x00000000c2abd760,0x00000000c3e80000)
 Metaspace       used 46767K, capacity 48428K, committed 48768K, reserved 1091584K
  class space    used 5656K, capacity 5964K, committed 6016K, reserved 1048576K
}
Event: 126.163 GC heap before
{Heap before GC invocations=42 (full 2):
 PSYoungGen      total 46592K, used 46208K [0x00000000eb400000, 0x00000000ee580000, 0x0000000100000000)
  eden space 44544K, 100% used [0x00000000eb400000,0x00000000edf80000,0x00000000edf80000)
  from space 2048K, 81% used [0x00000000ee080000,0x00000000ee2200c8,0x00000000ee280000)
  to   space 3072K, 0% used [0x00000000ee280000,0x00000000ee280000,0x00000000ee580000)
 ParOldGen       total 35328K, used 15093K [0x00000000c1c00000, 0x00000000c3e80000, 0x00000000eb400000)
  object space 35328K, 42% used [0x00000000c1c00000,0x00000000c2abd760,0x00000000c3e80000)
 Metaspace       used 48426K, capacity 50072K, committed 50304K, reserved 1093632K
  class space    used 5877K, capacity 6190K, committed 6272K, reserved 1048576K
Event: 126.170 GC heap after
Heap after GC invocations=42 (full 2):
 PSYoungGen      total 45568K, used 1753K [0x00000000eb400000, 0x00000000ee480000, 0x0000000100000000)
  eden space 43520K, 0% used [0x00000000eb400000,0x00000000eb400000,0x00000000ede80000)
  from space 2048K, 85% used [0x00000000ee280000,0x00000000ee436740,0x00000000ee480000)
  to   space 3072K, 0% used [0x00000000ede80000,0x00000000ede80000,0x00000000ee180000)
 ParOldGen       total 35328K, used 15517K [0x00000000c1c00000, 0x00000000c3e80000, 0x00000000eb400000)
  object space 35328K, 43% used [0x00000000c1c00000,0x00000000c2b27780,0x00000000c3e80000)
 Metaspace       used 48426K, capacity 50072K, committed 50304K, reserved 1093632K
  class space    used 5877K, capacity 6190K, committed 6272K, reserved 1048576K
}
Event: 128.649 GC heap before
{Heap before GC invocations=43 (full 2):
 PSYoungGen      total 45568K, used 45273K [0x00000000eb400000, 0x00000000ee480000, 0x0000000100000000)
  eden space 43520K, 100% used [0x00000000eb400000,0x00000000ede80000,0x00000000ede80000)
  from space 2048K, 85% used [0x00000000ee280000,0x00000000ee436740,0x00000000ee480000)
  to   space 3072K, 0% used [0x00000000ede80000,0x00000000ede80000,0x00000000ee180000)
 ParOldGen       total 35328K, used 15517K [0x00000000c1c00000, 0x00000000c3e80000, 0x00000000eb400000)
  object space 35328K, 43% used [0x00000000c1c00000,0x00000000c2b27780,0x00000000c3e80000)
 Metaspace       used 50157K, capacity 51894K, committed 52352K, reserved 1095680K
  class space    used 6076K, capacity 6429K, committed 6528K, reserved 1048576K
Event: 128.667 GC heap after
Heap after GC invocations=43 (full 2):
 PSYoungGen      total 44032K, used 1389K [0x00000000eb400000, 0x00000000ee380000, 0x0000000100000000)
  eden space 42496K, 0% used [0x00000000eb400000,0x00000000eb400000,0x00000000edd80000)
  from space 1536K, 90% used [0x00000000ede80000,0x00000000edfdb5c8,0x00000000ee000000)
  to   space 3072K, 0% used [0x00000000ee080000,0x00000000ee080000,0x00000000ee380000)
 ParOldGen       total 35328K, used 15861K [0x00000000c1c00000, 0x00000000c3e80000, 0x00000000eb400000)
  object space 35328K, 44% used [0x00000000c1c00000,0x00000000c2b7d790,0x00000000c3e80000)
 Metaspace       used 50157K, capacity 51894K, committed 52352K, reserved 1095680K
  class space    used 6076K, capacity 6429K, committed 6528K, reserved 1048576K
}
Event: 132.329 GC heap before
{Heap before GC invocations=44 (full 2):
 PSYoungGen      total 44032K, used 43885K [0x00000000eb400000, 0x00000000ee380000, 0x0000000100000000)
  eden space 42496K, 100% used [0x00000000eb400000,0x00000000edd80000,0x00000000edd80000)
  from space 1536K, 90% used [0x00000000ede80000,0x00000000edfdb5c8,0x00000000ee000000)
  to   space 3072K, 0% used [0x00000000ee080000,0x00000000ee080000,0x00000000ee380000)
 ParOldGen       total 35328K, used 15861K [0x00000000c1c00000, 0x00000000c3e80000, 0x00000000eb400000)
  object space 35328K, 44% used [0x00000000c1c00000,0x00000000c2b7d790,0x00000000c3e80000)
 Metaspace       used 52386K, capacity 54076K, committed 54528K, reserved 1097728K
  class space    used 6461K, capacity 6788K, committed 6912K, reserved 1048576K
Event: 132.337 GC heap after
Heap after GC invocations=44 (full 2):
 PSYoungGen      total 44032K, used 2487K [0x00000000eb400000, 0x00000000ee300000, 0x0000000100000000)
  eden space 41472K, 0% used [0x00000000eb400000,0x00000000eb400000,0x00000000edc80000)
  from space 2560K, 97% used [0x00000000ee080000,0x00000000ee2edf88,0x00000000ee300000)
  to   space 3072K, 0% used [0x00000000edd00000,0x00000000edd00000,0x00000000ee000000)
 ParOldGen       total 35328K, used 16213K [0x00000000c1c00000, 0x00000000c3e80000, 0x00000000eb400000)
  object space 35328K, 45% used [0x00000000c1c00000,0x00000000c2bd57b0,0x00000000c3e80000)
 Metaspace       used 52386K, capacity 54076K, committed 54528K, reserved 1097728K
  class space    used 6461K, capacity 6788K, committed 6912K, reserved 1048576K
}
Event: 136.728 GC heap before
{Heap before GC invocations=45 (full 2):
 PSYoungGen      total 44032K, used 43959K [0x00000000eb400000, 0x00000000ee300000, 0x0000000100000000)
  eden space 41472K, 100% used [0x00000000eb400000,0x00000000edc80000,0x00000000edc80000)
  from space 2560K, 97% used [0x00000000ee080000,0x00000000ee2edf88,0x00000000ee300000)
  to   space 3072K, 0% used [0x00000000edd00000,0x00000000edd00000,0x00000000ee000000)
 ParOldGen       total 35328K, used 16213K [0x00000000c1c00000, 0x00000000c3e80000, 0x00000000eb400000)
  object space 35328K, 45% used [0x00000000c1c00000,0x00000000c2bd57b0,0x00000000c3e80000)
 Metaspace       used 53791K, capacity 55580K, committed 55936K, reserved 1097728K
  class space    used 6654K, capacity 7000K, committed 7040K, reserved 1048576K
Event: 136.736 GC heap after
Heap after GC invocations=45 (full 2):
 PSYoungGen      total 42496K, used 1651K [0x00000000eb400000, 0x00000000ee180000, 0x0000000100000000)
  eden space 40448K, 0% used [0x00000000eb400000,0x00000000eb400000,0x00000000edb80000)
  from space 2048K, 80% used [0x00000000edd00000,0x00000000ede9ceb0,0x00000000edf00000)
  to   space 2560K, 0% used [0x00000000edf00000,0x00000000edf00000,0x00000000ee180000)
 ParOldGen       total 35328K, used 16629K [0x00000000c1c00000, 0x00000000c3e80000, 0x00000000eb400000)
  object space 35328K, 47% used [0x00000000c1c00000,0x00000000c2c3d7b0,0x00000000c3e80000)
 Metaspace       used 53791K, capacity 55580K, committed 55936K, reserved 1097728K
  class space    used 6654K, capacity 7000K, committed 7040K, reserved 1048576K
}

Deoptimization events (10 events):
Event: 123.660 Thread 0x0000000001f92800 Uncommon trap: reason=class_check action=maybe_recompile pc=0x000000000306f554 method=org.jacoco.agent.rt.internal_1f1cc91.asm.ClassReader.readElementValue(Lorg/jacoco/agent/rt/internal_1f1cc91/asm/AnnotationVisitor;ILjava/lang/String;[C)I @ 556
Event: 123.660 Thread 0x0000000001f92800 Uncommon trap: reason=class_check action=maybe_recompile pc=0x000000000306f554 method=org.jacoco.agent.rt.internal_1f1cc91.asm.ClassReader.readElementValue(Lorg/jacoco/agent/rt/internal_1f1cc91/asm/AnnotationVisitor;ILjava/lang/String;[C)I @ 556
Event: 123.660 Thread 0x0000000001f92800 Uncommon trap: reason=unstable_if action=reinterpret pc=0x0000000003007db0 method=org.jacoco.agent.rt.internal_1f1cc91.asm.tree.AnnotationNode.accept(Lorg/jacoco/agent/rt/internal_1f1cc91/asm/AnnotationVisitor;Ljava/lang/String;Ljava/lang/Object;)V @ 37
Event: 123.662 Thread 0x0000000001f92800 Uncommon trap: reason=class_check action=maybe_recompile pc=0x000000000306f554 method=org.jacoco.agent.rt.internal_1f1cc91.asm.ClassReader.readElementValue(Lorg/jacoco/agent/rt/internal_1f1cc91/asm/AnnotationVisitor;ILjava/lang/String;[C)I @ 556
Event: 123.662 Thread 0x0000000001f92800 Uncommon trap: reason=class_check action=maybe_recompile pc=0x000000000306f554 method=org.jacoco.agent.rt.internal_1f1cc91.asm.ClassReader.readElementValue(Lorg/jacoco/agent/rt/internal_1f1cc91/asm/AnnotationVisitor;ILjava/lang/String;[C)I @ 556
Event: 126.496 Thread 0x0000000001f92800 Uncommon trap: reason=unstable_if action=reinterpret pc=0x00000000024c9068 method=java.lang.reflect.Method.invoke(Ljava/lang/Object;[Ljava/lang/Object;)Ljava/lang/Object; @ 18
Event: 126.496 Thread 0x0000000001f92800 Uncommon trap: reason=predicate action=maybe_recompile pc=0x000000000271a3ec method=java.lang.String.regionMatches(ZILjava/lang/String;II)Z @ 63
Event: 132.078 Thread 0x0000000001f92800 Uncommon trap: reason=unstable_if action=reinterpret pc=0x0000000002239148 method=org.jacoco.agent.rt.internal_1f1cc91.asm.ClassReader.accept(Lorg/jacoco/agent/rt/internal_1f1cc91/asm/ClassVisitor;[Lorg/jacoco/agent/rt/internal_1f1cc91/asm/Attribute;I)V @
Event: 132.078 Thread 0x0000000001f92800 Uncommon trap: reason=unstable_if action=reinterpret pc=0x00000000030434c4 method=org.jacoco.agent.rt.internal_1f1cc91.asm.ClassWriter.toByteArray()[B @ 209
Event: 136.488 Thread 0x0000000001f92800 Uncommon trap: reason=unstable_if action=reinterpret pc=0x0000000002ef8160 method=org.springframework.util.ConcurrentReferenceHashMap$Segment.clear()V @ 8

Classes redefined (0 events):
No events

Internal exceptions (10 events):
Event: 136.829 Thread 0x0000000001f92800 Exception <a 'java/lang/ClassNotFoundException': org/springframework/beans/factory/support/BeanDefinitionRegistryPostProcessorCustomizer> (0x00000000eb6d4f98) thrown at [C:\re\workspace\8-2-build-windows-amd64-cygwin\jdk8u171\10807\hotspot\src\share\vm\cl
Event: 136.830 Thread 0x0000000001f92800 Exception <a 'java/lang/ClassNotFoundException': org/springframework/beans/factory/config/BeanFactoryPostProcessorCustomizer> (0x00000000eb6f4d48) thrown at [C:\re\workspace\8-2-build-windows-amd64-cygwin\jdk8u171\10807\hotspot\src\share\vm\classfile\syst
Event: 136.833 Thread 0x0000000001f92800 Exception <a 'java/lang/ClassNotFoundException': org/springframework/core/PriorityOrderedCustomizer> (0x00000000eb70c898) thrown at [C:\re\workspace\8-2-build-windows-amd64-cygwin\jdk8u171\10807\hotspot\src\share\vm\classfile\systemDictionary.cpp, line 21
Event: 136.834 Thread 0x0000000001f92800 Exception <a 'java/lang/ClassNotFoundException': org/springframework/core/OrderedCustomizer> (0x00000000eb7210a0) thrown at [C:\re\workspace\8-2-build-windows-amd64-cygwin\jdk8u171\10807\hotspot\src\share\vm\classfile\systemDictionary.cpp, line 210]
Event: 136.836 Thread 0x0000000001f92800 Exception <a 'java/lang/ClassNotFoundException': org/springframework/context/ResourceLoaderAwareCustomizer> (0x00000000eb73af10) thrown at [C:\re\workspace\8-2-build-windows-amd64-cygwin\jdk8u171\10807\hotspot\src\share\vm\classfile\systemDictionary.cpp, 
Event: 136.838 Thread 0x0000000001f92800 Exception <a 'java/lang/ClassNotFoundException': org/springframework/beans/factory/AwareCustomizer> (0x00000000eb752cf0) thrown at [C:\re\workspace\8-2-build-windows-amd64-cygwin\jdk8u171\10807\hotspot\src\share\vm\classfile\systemDictionary.cpp, line 210
Event: 136.841 Thread 0x0000000001f92800 Exception <a 'java/lang/ClassNotFoundException': org/springframework/beans/factory/BeanClassLoaderAwareCustomizer> (0x00000000eb76e2e0) thrown at [C:\re\workspace\8-2-build-windows-amd64-cygwin\jdk8u171\10807\hotspot\src\share\vm\classfile\systemDictionar
Event: 136.842 Thread 0x0000000001f92800 Exception <a 'java/lang/ClassNotFoundException': org/springframework/beans/factory/AwareCustomizer> (0x00000000eb786190) thrown at [C:\re\workspace\8-2-build-windows-amd64-cygwin\jdk8u171\10807\hotspot\src\share\vm\classfile\systemDictionary.cpp, line 210
Event: 136.843 Thread 0x0000000001f92800 Exception <a 'java/lang/ClassNotFoundException': org/springframework/context/EnvironmentAwareCustomizer> (0x00000000eb79e668) thrown at [C:\re\workspace\8-2-build-windows-amd64-cygwin\jdk8u171\10807\hotspot\src\share\vm\classfile\systemDictionary.cpp, lin
Event: 136.844 Thread 0x0000000001f92800 Exception <a 'java/lang/ClassNotFoundException': org/springframework/beans/factory/AwareCustomizer> (0x00000000eb7b63f8) thrown at [C:\re\workspace\8-2-build-windows-amd64-cygwin\jdk8u171\10807\hotspot\src\share\vm\classfile\systemDictionary.cpp, line 210

Events (10 events):
Event: 137.639 loading class groovy/text$TemplateEngine
Event: 137.639 loading class groovy/text$TemplateEngine done
Event: 137.640 loading class org/thymeleaf/spring5/SpringTemplateEngine
Event: 137.640 loading class org/thymeleaf/spring5/SpringTemplateEngine done
Event: 137.640 loading class org/thymeleaf/spring5$SpringTemplateEngine
Event: 137.640 loading class org/thymeleaf/spring5$SpringTemplateEngine done
Event: 137.640 loading class org/apache/jasper/compiler/JspConfig
Event: 137.640 loading class org/apache/jasper/compiler/JspConfig done
Event: 137.641 loading class org/apache/jasper/compiler$JspConfig
Event: 137.641 loading class org/apache/jasper/compiler$JspConfig done


Dynamic libraries:
0x00007ff6a11c0000 - 0x00007ff6a11f7000 	C:\Program Files\Java\jdk1.8.0_171\jre\bin\java.exe
0x00007ffac5d00000 - 0x00007ffac5ead000 	C:\Windows\SYSTEM32\ntdll.dll
0x00007ffac3fe0000 - 0x00007ffac411f000 	C:\Windows\system32\KERNEL32.DLL
0x00007ffac3260000 - 0x00007ffac3375000 	C:\Windows\system32\KERNELBASE.dll
0x00007ffac1a00000 - 0x00007ffac1a8e000 	C:\Windows\system32\apphelp.dll
0x00007ffabcf50000 - 0x00007ffabcfa5000 	C:\Windows\AppPatch\AppPatch64\AcGenral.DLL
0x00007ffac38e0000 - 0x00007ffac398a000 	C:\Windows\system32\msvcrt.dll
0x00007ffac30d0000 - 0x00007ffac30fe000 	C:\Windows\system32\SspiCli.dll
0x00007ffac57e0000 - 0x00007ffac5834000 	C:\Windows\system32\SHLWAPI.dll
0x00007ffac5840000 - 0x00007ffac59b7000 	C:\Windows\system32\USER32.dll
0x00007ffac3990000 - 0x00007ffac3b25000 	C:\Windows\system32\ole32.dll
0x00007ffac42b0000 - 0x00007ffac57de000 	C:\Windows\system32\SHELL32.dll
0x00007ffac23f0000 - 0x00007ffac2411000 	C:\Windows\SYSTEM32\USERENV.dll
0x00007ffac5c50000 - 0x00007ffac5cfa000 	C:\Windows\system32\ADVAPI32.dll
0x00007ffabcf30000 - 0x00007ffabcf4e000 	C:\Windows\SYSTEM32\MPR.dll
0x00007ffac3ba0000 - 0x00007ffac3cda000 	C:\Windows\system32\RPCRT4.dll
0x00007ffac3f80000 - 0x00007ffac3fd8000 	C:\Windows\SYSTEM32\sechost.dll
0x00007ffac3400000 - 0x00007ffac3611000 	C:\Windows\SYSTEM32\combase.dll
0x00007ffac3620000 - 0x00007ffac376e000 	C:\Windows\system32\GDI32.dll
0x00007ffac2e20000 - 0x00007ffac2e35000 	C:\Windows\SYSTEM32\profapi.dll
0x00007ffac13c0000 - 0x00007ffac1472000 	C:\Windows\SYSTEM32\SHCORE.dll
0x00007ffac5c10000 - 0x00007ffac5c46000 	C:\Windows\system32\IMM32.DLL
0x00007ffac3780000 - 0x00007ffac38d1000 	C:\Windows\system32\MSCTF.dll
0x00007ffac0f40000 - 0x00007ffac11bb000 	C:\Windows\WinSxS\amd64_microsoft.windows.common-controls_6595b64144ccf1df_6.0.9600.19394_none_62486577ecb635cf\COMCTL32.dll
0x0000000059ba0000 - 0x0000000059c72000 	C:\Program Files\Java\jdk1.8.0_171\jre\bin\msvcr100.dll
0x0000000059300000 - 0x0000000059ba0000 	C:\Program Files\Java\jdk1.8.0_171\jre\bin\server\jvm.dll
0x00007ffabcf20000 - 0x00007ffabcf29000 	C:\Windows\SYSTEM32\WSOCK32.dll
0x00007ffab66a0000 - 0x00007ffab66c2000 	C:\Windows\SYSTEM32\WINMM.dll
0x00007ffabe290000 - 0x00007ffabe29a000 	C:\Windows\SYSTEM32\VERSION.dll
0x00007ffac3b30000 - 0x00007ffac3b37000 	C:\Windows\system32\PSAPI.DLL
0x00007ffac59c0000 - 0x00007ffac5a1a000 	C:\Windows\system32\WS2_32.dll
0x00007ffab6530000 - 0x00007ffab655a000 	C:\Windows\SYSTEM32\WINMMBASE.dll
0x00007ffac5a20000 - 0x00007ffac5a29000 	C:\Windows\system32\NSI.dll
0x00007ffac3100000 - 0x00007ffac314f000 	C:\Windows\SYSTEM32\cfgmgr32.dll
0x00007ffac1c50000 - 0x00007ffac1c78000 	C:\Windows\SYSTEM32\DEVOBJ.dll
0x00000000592f0000 - 0x00000000592ff000 	C:\Program Files\Java\jdk1.8.0_171\jre\bin\verify.dll
0x00000000592c0000 - 0x00000000592e9000 	C:\Program Files\Java\jdk1.8.0_171\jre\bin\java.dll
0x0000000059220000 - 0x0000000059243000 	C:\Program Files\Java\jdk1.8.0_171\jre\bin\instrument.dll
0x00000000592a0000 - 0x00000000592b6000 	C:\Program Files\Java\jdk1.8.0_171\jre\bin\zip.dll
0x0000000059280000 - 0x000000005929a000 	C:\Program Files\Java\jdk1.8.0_171\jre\bin\net.dll
0x00007ffac26c0000 - 0x00007ffac2719000 	C:\Windows\system32\mswsock.dll
0x00007ffab7c50000 - 0x00007ffab7c65000 	C:\Windows\system32\napinsp.dll
0x00007ffab7c30000 - 0x00007ffab7c4a000 	C:\Windows\system32\pnrpnsp.dll
0x00007ffabdf80000 - 0x00007ffabdf9b000 	C:\Windows\system32\NLAapi.dll
0x00007ffac2460000 - 0x00007ffac2504000 	C:\Windows\SYSTEM32\DNSAPI.dll
0x00007ffab7c20000 - 0x00007ffab7c2d000 	C:\Windows\System32\winrnr.dll
0x000000005bd50000 - 0x000000005bd76000 	C:\Program Files\Bonjour\mdnsNSP.dll
0x00007ffabd890000 - 0x00007ffabd8ba000 	C:\Windows\SYSTEM32\Iphlpapi.DLL
0x00007ffabd870000 - 0x00007ffabd87a000 	C:\Windows\SYSTEM32\WINNSI.DLL
0x00007ffab7c00000 - 0x00007ffab7c14000 	C:\Windows\system32\wshbth.dll
0x00007ffab7bf0000 - 0x00007ffab7bfa000 	C:\Windows\System32\rasadhlp.dll
0x00007ffabd370000 - 0x00007ffabd3db000 	C:\Windows\System32\fwpuclnt.dll
0x0000000059260000 - 0x0000000059271000 	C:\Program Files\Java\jdk1.8.0_171\jre\bin\nio.dll
0x0000000059250000 - 0x000000005925d000 	C:\Program Files\Java\jdk1.8.0_171\jre\bin\management.dll
0x00007ffac2720000 - 0x00007ffac2740000 	C:\Windows\SYSTEM32\CRYPTSP.dll
0x00007ffac22e0000 - 0x00007ffac2316000 	C:\Windows\system32\rsaenh.dll
0x00007ffac2960000 - 0x00007ffac2986000 	C:\Windows\SYSTEM32\bcrypt.dll
0x00007ffac2c80000 - 0x00007ffac2ce3000 	C:\Windows\system32\bcryptprimitives.dll
0x00007ffac2cf0000 - 0x00007ffac2cfb000 	C:\Windows\SYSTEM32\CRYPTBASE.dll
0x00007ffabd0c0000 - 0x00007ffabd0d6000 	C:\Windows\SYSTEM32\dhcpcsvc6.DLL
0x00007ffabd590000 - 0x00007ffabd5aa000 	C:\Windows\SYSTEM32\dhcpcsvc.DLL

VM Arguments:
jvm_args: -javaagent:C:\\Users\\asus\\.m2\\repository\\org\\jacoco\\org.jacoco.agent\\0.8.3\\org.jacoco.agent-0.8.3-runtime.jar=destfile=C:\\Users\\asus\\Desktop\\devops\\TimesheetProject\\target\\jacoco.exec 
java_command: C:\Users\asus\AppData\Local\Temp\surefire3506609196583244539\surefirebooter1158404283586395702.jar C:\Users\asus\AppData\Local\Temp\surefire3506609196583244539 2021-12-03T22-17-12_348-jvmRun1 surefire8897447302080642540tmp surefire_07034978000880865774tmp
java_class_path (initial): C:\Users\asus\AppData\Local\Temp\surefire3506609196583244539\surefirebooter1158404283586395702.jar;C:\\Users\\asus\\.m2\\repository\\org\\jacoco\\org.jacoco.agent\\0.8.3\\org.jacoco.agent-0.8.3-runtime.jar
Launcher Type: SUN_STANDARD

Environment Variables:
JAVA_HOME=C:\Program Files\Java\jdk1.8.0_171
PATH=C:\Program Files\Common Files\Oracle\Java\javapath;C:\Python39\Scripts\;C:\Python39\;C:\Program Files (x86)\Common Files\Oracle\Java\javapath;C:\Windows\system32;C:\Windows;C:\Windows\System32\Wbem;C:\Windows\System32\WindowsPowerShell\v1.0\;C:\Program Files (x86)\Windows Kits\8.1\Windows Performance Toolkit\;C:\Program Files\Java\jdk-11.0.13\bin;C:\ProgramData\chocolatey\bin;C:\Program Files\nodejs\;C:\Program Files\Git\cmd;C:\Users\asus\Desktop\DevOps_Cherifa\apache-maven-3.6.3\bin
USERNAME=asus
OS=Windows_NT
PROCESSOR_IDENTIFIER=Intel64 Family 6 Model 58 Stepping 9, GenuineIntel



---------------  S Y S T E M  ---------------

OS: Windows 8.1 , 64 bit Build 9600 (6.3.9600.20062)

CPU:total 2 (initial active 2) (2 cores per cpu, 1 threads per core) family 6 model 58 stepping 9, cmov, cx8, fxsr, mmx, sse, sse2, sse3, ssse3, sse4.1, sse4.2, popcnt, clmul, erms, tsc, tscinvbit, tscinv

Memory: 4k page, physical 4077308k(176832k free), swap 16660220k(5244k free)

vm_info: Java HotSpot(TM) 64-Bit Server VM (25.171-b11) for windows-amd64 JRE (1.8.0_171-b11), built on Mar 28 2018 16:06:12 by "java_re" with MS VC++ 10.0 (VS2010)

time: Fri Dec 03 22:19:57 2021
elapsed time: 138 seconds (0d 0h 2m 18s)

