2021-12-03 00:00:13.703  INFO 7256 --- [main] o.hibernate.annotations.common.Version   : HCANN000001: Hibernate Commons Annotations {5.0.4.Final}
2021-12-03 00:00:20.633  INFO 7256 --- [main] org.hibernate.dialect.Dialect            : HHH000400: Using dialect: org.hibernate.dialect.MySQL5Dialect
2021-12-03 00:00:47.862  INFO 7256 --- [main] j.LocalContainerEntityManagerFactoryBean : Initialized JPA EntityManagerFactory for persistence unit 'default'
2021-12-03 00:01:00.138  INFO 7256 --- [main] o.s.s.concurrent.ThreadPoolTaskExecutor  : Initializing ExecutorService 'applicationTaskExecutor'
2021-12-03 00:01:00.252  WARN 7256 --- [main] aWebConfiguration$JpaWebMvcConfiguration : spring.jpa.open-in-view is enabled by default. Therefore, database queries may be performed during view rendering. Explicitly configure spring.jpa.open-in-view to disable this warning
2021-12-03 00:01:03.408 ERROR 7256 --- [main] org.apache.catalina.util.LifecycleBase   : Failed to start component [Connector[HTTP/1.1-8082]]

org.apache.catalina.LifecycleException: Protocol handler start failed
	at org.apache.catalina.connector.Connector.startInternal(Connector.java:1008) ~[tomcat-embed-core-9.0.24.jar:9.0.24]
	at org.apache.catalina.util.LifecycleBase.start(LifecycleBase.java:183) ~[tomcat-embed-core-9.0.24.jar:9.0.24]
	at org.apache.catalina.core.StandardService.addConnector(StandardService.java:227) [tomcat-embed-core-9.0.24.jar:9.0.24]
	at org.springframework.boot.web.embedded.tomcat.TomcatWebServer.addPreviouslyRemovedConnectors(TomcatWebServer.java:263) [spring-boot-2.1.8.RELEASE.jar:2.1.8.RELEASE]
	at org.springframework.boot.web.embedded.tomcat.TomcatWebServer.start(TomcatWebServer.java:195) [spring-boot-2.1.8.RELEASE.jar:2.1.8.RELEASE]
	at org.springframework.boot.web.servlet.context.ServletWebServerApplicationContext.startWebServer(ServletWebServerApplicationContext.java:297) [spring-boot-2.1.8.RELEASE.jar:2.1.8.RELEASE]
	at org.springframework.boot.web.servlet.context.ServletWebServerApplicationContext.finishRefresh(ServletWebServerApplicationContext.java:163) [spring-boot-2.1.8.RELEASE.jar:2.1.8.RELEASE]
	at org.springframework.context.support.AbstractApplicationContext.refresh(AbstractApplicationContext.java:552) [spring-context-5.1.9.RELEASE.jar:5.1.9.RELEASE]
	at org.springframework.boot.web.servlet.context.ServletWebServerApplicationContext.refresh(ServletWebServerApplicationContext.java:141) [spring-boot-2.1.8.RELEASE.jar:2.1.8.RELEASE]
	at org.springframework.boot.SpringApplication.refresh(SpringApplication.java:744) [spring-boot-2.1.8.RELEASE.jar:2.1.8.RELEASE]
	at org.springframework.boot.SpringApplication.refreshContext(SpringApplication.java:391) [spring-boot-2.1.8.RELEASE.jar:2.1.8.RELEASE]
	at org.springframework.boot.SpringApplication.run(SpringApplication.java:312) [spring-boot-2.1.8.RELEASE.jar:2.1.8.RELEASE]
	at org.springframework.boot.SpringApplication.run(SpringApplication.java:1215) [spring-boot-2.1.8.RELEASE.jar:2.1.8.RELEASE]
	at org.springframework.boot.SpringApplication.run(SpringApplication.java:1204) [spring-boot-2.1.8.RELEASE.jar:2.1.8.RELEASE]
	at tn.esprit.spring.TimesheetSpringBootCoreDataJpaMvcRest1Application.main(TimesheetSpringBootCoreDataJpaMvcRest1Application.java:10) [classes/:na]
Caused by: java.net.BindException: Address already in use: bind
	at sun.nio.ch.Net.bind0(Native Method) ~[na:1.8.0_171]
	at sun.nio.ch.Net.bind(Unknown Source) ~[na:1.8.0_171]
	at sun.nio.ch.Net.bind(Unknown Source) ~[na:1.8.0_171]
	at sun.nio.ch.ServerSocketChannelImpl.bind(Unknown Source) ~[na:1.8.0_171]
	at sun.nio.ch.ServerSocketAdaptor.bind(Unknown Source) ~[na:1.8.0_171]
	at org.apache.tomcat.util.net.NioEndpoint.initServerSocket(NioEndpoint.java:230) ~[tomcat-embed-core-9.0.24.jar:9.0.24]
	at org.apache.tomcat.util.net.NioEndpoint.bind(NioEndpoint.java:213) ~[tomcat-embed-core-9.0.24.jar:9.0.24]
	at org.apache.tomcat.util.net.AbstractEndpoint.bindWithCleanup(AbstractEndpoint.java:1124) ~[tomcat-embed-core-9.0.24.jar:9.0.24]
	at org.apache.tomcat.util.net.AbstractEndpoint.start(AbstractEndpoint.java:1210) ~[tomcat-embed-core-9.0.24.jar:9.0.24]
	at org.apache.coyote.AbstractProtocol.start(AbstractProtocol.java:585) ~[tomcat-embed-core-9.0.24.jar:9.0.24]
	at org.apache.catalina.connector.Connector.startInternal(Connector.java:1005) ~[tomcat-embed-core-9.0.24.jar:9.0.24]
	... 14 common frames omitted

2021-12-03 00:02:08.629  INFO 7256 --- [main] o.apache.catalina.core.StandardService   : Stopping service [Tomcat]
2021-12-03 00:02:09.077  INFO 7256 --- [main] ConditionEvaluationReportLoggingListener : 

Error starting ApplicationContext. To display the conditions report re-run your application with 'debug' enabled.
2021-12-03 00:02:09.113 ERROR 7256 --- [main] o.s.b.d.LoggingFailureAnalysisReporter   : 

***************************
APPLICATION FAILED TO START
***************************

Description:

The Tomcat connector configured to listen on port 8082 failed to start. The port may already be in use or the connector may be misconfigured.

Action:

Verify the connector's configuration, identify and stop any process that's listening on port 8082, or configure this application to listen on another port.

2021-12-03 00:02:09.119  INFO 7256 --- [main] o.s.s.concurrent.ThreadPoolTaskExecutor  : Shutting down ExecutorService 'applicationTaskExecutor'
2021-12-03 00:02:09.122  INFO 7256 --- [main] j.LocalContainerEntityManagerFactoryBean : Closing JPA EntityManagerFactory for persistence unit 'default'
2021-12-03 00:02:09.153  INFO 7256 --- [main] com.zaxxer.hikari.HikariDataSource       : HikariPool-1 - Shutdown initiated...
2021-12-03 00:02:09.377  INFO 7256 --- [main] com.zaxxer.hikari.HikariDataSource       : HikariPool-1 - Shutdown completed.
2021-12-03 00:33:55.560  INFO 3324 --- [main] tn.esprit.spring.test.EntrepriseTest     : Starting EntrepriseTest on asus-esprit with PID 3324 (started by asus in C:\Users\asus\Desktop\devops\TimesheetProject)
2021-12-03 00:33:55.666  INFO 3324 --- [main] tn.esprit.spring.test.EntrepriseTest     : No active profile set, falling back to default profiles: default
2021-12-03 00:34:11.176  INFO 3324 --- [main] .s.d.r.c.RepositoryConfigurationDelegate : Bootstrapping Spring Data repositories in DEFAULT mode.
2021-12-03 00:34:13.547  INFO 3324 --- [main] .s.d.r.c.RepositoryConfigurationDelegate : Finished Spring Data repository scanning in 2331ms. Found 1 repository interfaces.
2021-12-03 00:34:28.718  INFO 3324 --- [main] trationDelegate$BeanPostProcessorChecker : Bean 'org.springframework.transaction.annotation.ProxyTransactionManagementConfiguration' of type [org.springframework.transaction.annotation.ProxyTransactionManagementConfiguration$$EnhancerBySpringCGLIB$$186ae2e3] is not eligible for getting processed by all BeanPostProcessors (for example: not eligible for auto-proxying)
2021-12-03 00:34:38.400  INFO 3324 --- [main] com.zaxxer.hikari.HikariDataSource       : HikariPool-1 - Starting...
2021-12-03 00:35:00.136  INFO 3324 --- [main] com.zaxxer.hikari.HikariDataSource       : HikariPool-1 - Start completed.
2021-12-03 00:35:05.846  INFO 3324 --- [main] o.hibernate.jpa.internal.util.LogHelper  : HHH000204: Processing PersistenceUnitInfo [
	name: default
	...]
2021-12-03 00:35:16.829  INFO 3324 --- [main] org.hibernate.Version                    : HHH000412: Hibernate Core {5.3.11.Final}
2021-12-03 00:35:16.880  INFO 3324 --- [main] org.hibernate.cfg.Environment            : HHH000206: hibernate.properties not found
2021-12-03 00:35:48.060  INFO 3324 --- [main] o.hibernate.annotations.common.Version   : HCANN000001: Hibernate Commons Annotations {5.0.4.Final}
2021-12-03 00:36:57.768  INFO 3324 --- [main] org.hibernate.dialect.Dialect            : HHH000400: Using dialect: org.hibernate.dialect.MySQL5Dialect
2021-12-03 00:39:02.582  INFO 3324 --- [main] j.LocalContainerEntityManagerFactoryBean : Initialized JPA EntityManagerFactory for persistence unit 'default'
2021-12-03 00:40:22.413  INFO 3324 --- [main] o.s.s.concurrent.ThreadPoolTaskExecutor  : Initializing ExecutorService 'applicationTaskExecutor'
2021-12-03 00:40:26.702  WARN 3324 --- [main] aWebConfiguration$JpaWebMvcConfiguration : spring.jpa.open-in-view is enabled by default. Therefore, database queries may be performed during view rendering. Explicitly configure spring.jpa.open-in-view to disable this warning
2021-12-03 00:40:37.365  INFO 3324 --- [main] tn.esprit.spring.test.EntrepriseTest     : Started EntrepriseTest in 418.411 seconds (JVM running for 473.601)
2021-12-03 00:41:05.822  INFO 3324 --- [main] tn.esprit.spring.test.EntrepriseTest     : ajouter Entreprise : tn.esprit.spring.entities.Entreprise@47c96f2c
2021-12-03 00:41:11.775  INFO 3324 --- [main] o.h.h.i.QueryTranslatorFactoryInitiator  : HHH000397: Using ASTQueryTranslatorFactory
2021-12-03 00:41:27.077  INFO 3324 --- [main] t.e.s.services.EntrepriseServiceImpl     : retrieve all entreprise : [tn.esprit.spring.entities.Entreprise@8af1c49]
2021-12-03 00:41:27.079  INFO 3324 --- [main] tn.esprit.spring.test.EntrepriseTest     : retrieve entreprise : [tn.esprit.spring.entities.Entreprise@8af1c49]
2021-12-03 00:41:28.115  INFO 3324 --- [Thread-2] o.s.s.concurrent.ThreadPoolTaskExecutor  : Shutting down ExecutorService 'applicationTaskExecutor'
2021-12-03 00:41:28.125  INFO 3324 --- [Thread-2] j.LocalContainerEntityManagerFactoryBean : Closing JPA EntityManagerFactory for persistence unit 'default'
2021-12-03 00:41:28.137  INFO 3324 --- [Thread-2] com.zaxxer.hikari.HikariDataSource       : HikariPool-1 - Shutdown initiated...
2021-12-03 00:41:32.890  INFO 3324 --- [Thread-2] com.zaxxer.hikari.HikariDataSource       : HikariPool-1 - Shutdown completed.
2021-12-03 01:24:56.171  INFO 8800 --- [main] tn.esprit.spring.test.EntrepriseTest     : Starting EntrepriseTest on asus-esprit with PID 8800 (started by asus in C:\Users\asus\Desktop\devops\TimesheetProject)
2021-12-03 01:24:56.237  INFO 3372 --- [main] tn.esprit.spring.test.EntrepriseTest     : Starting EntrepriseTest on asus-esprit with PID 3372 (started by asus in C:\Users\asus\Desktop\devops\TimesheetProject)
2021-12-03 01:24:56.309  INFO 3372 --- [main] tn.esprit.spring.test.EntrepriseTest     : No active profile set, falling back to default profiles: default
2021-12-03 01:24:56.305  INFO 7884 --- [main] tn.esprit.spring.test.EntrepriseTest     : Starting EntrepriseTest on asus-esprit with PID 7884 (started by asus in C:\Users\asus\Desktop\devops\TimesheetProject)
2021-12-03 01:24:56.314  INFO 7884 --- [main] tn.esprit.spring.test.EntrepriseTest     : No active profile set, falling back to default profiles: default
2021-12-03 01:24:56.322  INFO 8800 --- [main] tn.esprit.spring.test.EntrepriseTest     : No active profile set, falling back to default profiles: default
2021-12-03 01:25:15.659  INFO 3372 --- [main] .s.d.r.c.RepositoryConfigurationDelegate : Bootstrapping Spring Data repositories in DEFAULT mode.
2021-12-03 01:25:15.660  INFO 7884 --- [main] .s.d.r.c.RepositoryConfigurationDelegate : Bootstrapping Spring Data repositories in DEFAULT mode.
2021-12-03 01:25:15.690  INFO 8800 --- [main] .s.d.r.c.RepositoryConfigurationDelegate : Bootstrapping Spring Data repositories in DEFAULT mode.
2021-12-03 01:25:16.888  INFO 3372 --- [main] .s.d.r.c.RepositoryConfigurationDelegate : Finished Spring Data repository scanning in 1133ms. Found 1 repository interfaces.
2021-12-03 01:25:16.907  INFO 7884 --- [main] .s.d.r.c.RepositoryConfigurationDelegate : Finished Spring Data repository scanning in 1113ms. Found 1 repository interfaces.
2021-12-03 01:25:16.923  INFO 8800 --- [main] .s.d.r.c.RepositoryConfigurationDelegate : Finished Spring Data repository scanning in 1134ms. Found 1 repository interfaces.
2021-12-03 01:25:30.713  INFO 8800 --- [main] trationDelegate$BeanPostProcessorChecker : Bean 'org.springframework.transaction.annotation.ProxyTransactionManagementConfiguration' of type [org.springframework.transaction.annotation.ProxyTransactionManagementConfiguration$$EnhancerBySpringCGLIB$$cc24f536] is not eligible for getting processed by all BeanPostProcessors (for example: not eligible for auto-proxying)
2021-12-03 01:25:30.770  INFO 7884 --- [main] trationDelegate$BeanPostProcessorChecker : Bean 'org.springframework.transaction.annotation.ProxyTransactionManagementConfiguration' of type [org.springframework.transaction.annotation.ProxyTransactionManagementConfiguration$$EnhancerBySpringCGLIB$$cc24f536] is not eligible for getting processed by all BeanPostProcessors (for example: not eligible for auto-proxying)
2021-12-03 01:25:30.827  INFO 3372 --- [main] trationDelegate$BeanPostProcessorChecker : Bean 'org.springframework.transaction.annotation.ProxyTransactionManagementConfiguration' of type [org.springframework.transaction.annotation.ProxyTransactionManagementConfiguration$$EnhancerBySpringCGLIB$$186ae2e3] is not eligible for getting processed by all BeanPostProcessors (for example: not eligible for auto-proxying)
2021-12-03 01:25:38.583  INFO 8800 --- [main] com.zaxxer.hikari.HikariDataSource       : HikariPool-1 - Starting...
2021-12-03 01:25:38.590  INFO 7884 --- [main] com.zaxxer.hikari.HikariDataSource       : HikariPool-1 - Starting...
2021-12-03 01:25:38.603  INFO 3372 --- [main] com.zaxxer.hikari.HikariDataSource       : HikariPool-1 - Starting...
2021-12-03 01:25:47.987  INFO 8800 --- [main] com.zaxxer.hikari.HikariDataSource       : HikariPool-1 - Start completed.
2021-12-03 01:25:47.987  INFO 7884 --- [main] com.zaxxer.hikari.HikariDataSource       : HikariPool-1 - Start completed.
2021-12-03 01:25:48.003  INFO 3372 --- [main] com.zaxxer.hikari.HikariDataSource       : HikariPool-1 - Start completed.
2021-12-03 01:25:50.679  INFO 7884 --- [main] o.hibernate.jpa.internal.util.LogHelper  : HHH000204: Processing PersistenceUnitInfo [
	name: default
	...]
2021-12-03 01:25:50.681  INFO 8800 --- [main] o.hibernate.jpa.internal.util.LogHelper  : HHH000204: Processing PersistenceUnitInfo [
	name: default
	...]
2021-12-03 01:25:50.752  INFO 3372 --- [main] o.hibernate.jpa.internal.util.LogHelper  : HHH000204: Processing PersistenceUnitInfo [
	name: default
	...]
2021-12-03 01:26:01.789  INFO 3372 --- [main] org.hibernate.Version                    : HHH000412: Hibernate Core {5.3.11.Final}
2021-12-03 01:26:01.789  INFO 8800 --- [main] org.hibernate.Version                    : HHH000412: Hibernate Core {5.3.11.Final}
2021-12-03 01:26:01.796  INFO 7884 --- [main] org.hibernate.Version                    : HHH000412: Hibernate Core {5.3.11.Final}
2021-12-03 01:26:01.840  INFO 3372 --- [main] org.hibernate.cfg.Environment            : HHH000206: hibernate.properties not found
2021-12-03 01:26:01.840  INFO 7884 --- [main] org.hibernate.cfg.Environment            : HHH000206: hibernate.properties not found
2021-12-03 01:26:01.844  INFO 8800 --- [main] org.hibernate.cfg.Environment            : HHH000206: hibernate.properties not found
2021-12-03 01:26:43.833  INFO 8800 --- [main] o.hibernate.annotations.common.Version   : HCANN000001: Hibernate Commons Annotations {5.0.4.Final}
2021-12-03 01:26:43.835  INFO 7884 --- [main] o.hibernate.annotations.common.Version   : HCANN000001: Hibernate Commons Annotations {5.0.4.Final}
2021-12-03 01:26:43.853  INFO 3372 --- [main] o.hibernate.annotations.common.Version   : HCANN000001: Hibernate Commons Annotations {5.0.4.Final}
2021-12-03 01:27:17.573  INFO 3372 --- [main] org.hibernate.dialect.Dialect            : HHH000400: Using dialect: org.hibernate.dialect.MySQL5Dialect
2021-12-03 01:27:17.574  INFO 7884 --- [main] org.hibernate.dialect.Dialect            : HHH000400: Using dialect: org.hibernate.dialect.MySQL5Dialect
2021-12-03 01:27:17.576  INFO 8800 --- [main] org.hibernate.dialect.Dialect            : HHH000400: Using dialect: org.hibernate.dialect.MySQL5Dialect
2021-12-03 01:28:41.275  INFO 8800 --- [main] j.LocalContainerEntityManagerFactoryBean : Initialized JPA EntityManagerFactory for persistence unit 'default'
2021-12-03 01:28:41.275  INFO 3372 --- [main] j.LocalContainerEntityManagerFactoryBean : Initialized JPA EntityManagerFactory for persistence unit 'default'
2021-12-03 01:28:42.765  INFO 7884 --- [main] j.LocalContainerEntityManagerFactoryBean : Initialized JPA EntityManagerFactory for persistence unit 'default'
2021-12-03 01:29:25.018  INFO 8800 --- [main] o.s.s.concurrent.ThreadPoolTaskExecutor  : Initializing ExecutorService 'applicationTaskExecutor'
2021-12-03 01:29:25.073  INFO 7884 --- [main] o.s.s.concurrent.ThreadPoolTaskExecutor  : Initializing ExecutorService 'applicationTaskExecutor'
2021-12-03 01:29:26.388  INFO 3372 --- [main] o.s.s.concurrent.ThreadPoolTaskExecutor  : Initializing ExecutorService 'applicationTaskExecutor'
2021-12-03 01:29:28.711  WARN 8800 --- [main] aWebConfiguration$JpaWebMvcConfiguration : spring.jpa.open-in-view is enabled by default. Therefore, database queries may be performed during view rendering. Explicitly configure spring.jpa.open-in-view to disable this warning
2021-12-03 01:29:29.321  WARN 7884 --- [main] aWebConfiguration$JpaWebMvcConfiguration : spring.jpa.open-in-view is enabled by default. Therefore, database queries may be performed during view rendering. Explicitly configure spring.jpa.open-in-view to disable this warning
2021-12-03 01:29:29.506  WARN 3372 --- [main] aWebConfiguration$JpaWebMvcConfiguration : spring.jpa.open-in-view is enabled by default. Therefore, database queries may be performed during view rendering. Explicitly configure spring.jpa.open-in-view to disable this warning
2021-12-03 01:29:41.685  INFO 8800 --- [main] tn.esprit.spring.test.EntrepriseTest     : Started EntrepriseTest in 295.428 seconds (JVM running for 344.153)
2021-12-03 01:29:41.697  INFO 7884 --- [main] tn.esprit.spring.test.EntrepriseTest     : Started EntrepriseTest in 295.427 seconds (JVM running for 348.909)
2021-12-03 01:29:41.709  INFO 3372 --- [main] tn.esprit.spring.test.EntrepriseTest     : Started EntrepriseTest in 295.426 seconds (JVM running for 367.93)
2021-12-03 01:29:55.912  INFO 8800 --- [main] tn.esprit.spring.test.EntrepriseTest     : ajouter Entreprise : tn.esprit.spring.entities.Entreprise@586728e8
2021-12-03 01:29:57.829  INFO 3372 --- [main] tn.esprit.spring.test.EntrepriseTest     : ajouter Entreprise : tn.esprit.spring.entities.Entreprise@5a13f1f7
2021-12-03 01:29:57.978  INFO 7884 --- [main] tn.esprit.spring.test.EntrepriseTest     : ajouter Entreprise : tn.esprit.spring.entities.Entreprise@586728e8
2021-12-03 01:29:58.701  INFO 3372 --- [main] o.h.h.i.QueryTranslatorFactoryInitiator  : HHH000397: Using ASTQueryTranslatorFactory
2021-12-03 01:29:58.703  INFO 8800 --- [main] o.h.h.i.QueryTranslatorFactoryInitiator  : HHH000397: Using ASTQueryTranslatorFactory
2021-12-03 01:29:58.707  INFO 7884 --- [main] o.h.h.i.QueryTranslatorFactoryInitiator  : HHH000397: Using ASTQueryTranslatorFactory
2021-12-03 01:30:09.767  INFO 3372 --- [main] t.e.s.services.EntrepriseServiceImpl     : retrieve all entreprise : [tn.esprit.spring.entities.Entreprise@4ad1a276, tn.esprit.spring.entities.Entreprise@49122853, tn.esprit.spring.entities.Entreprise@e97f115, tn.esprit.spring.entities.Entreprise@5d6b42cf, tn.esprit.spring.entities.Entreprise@6f8ac8d5, tn.esprit.spring.entities.Entreprise@370225c7, tn.esprit.spring.entities.Entreprise@6ac756b]
2021-12-03 01:30:09.768  INFO 3372 --- [main] tn.esprit.spring.test.EntrepriseTest     : retrieve entreprise : [tn.esprit.spring.entities.Entreprise@4ad1a276, tn.esprit.spring.entities.Entreprise@49122853, tn.esprit.spring.entities.Entreprise@e97f115, tn.esprit.spring.entities.Entreprise@5d6b42cf, tn.esprit.spring.entities.Entreprise@6f8ac8d5, tn.esprit.spring.entities.Entreprise@370225c7, tn.esprit.spring.entities.Entreprise@6ac756b]
2021-12-03 01:30:09.784  INFO 7884 --- [main] t.e.s.services.EntrepriseServiceImpl     : retrieve all entreprise : [tn.esprit.spring.entities.Entreprise@6ac756b, tn.esprit.spring.entities.Entreprise@1e29a81a, tn.esprit.spring.entities.Entreprise@7b4b8199, tn.esprit.spring.entities.Entreprise@4bbf20d1, tn.esprit.spring.entities.Entreprise@6fced25c, tn.esprit.spring.entities.Entreprise@3cf4dec7, tn.esprit.spring.entities.Entreprise@1b94c789]
2021-12-03 01:30:09.786  INFO 7884 --- [main] tn.esprit.spring.test.EntrepriseTest     : retrieve entreprise : [tn.esprit.spring.entities.Entreprise@6ac756b, tn.esprit.spring.entities.Entreprise@1e29a81a, tn.esprit.spring.entities.Entreprise@7b4b8199, tn.esprit.spring.entities.Entreprise@4bbf20d1, tn.esprit.spring.entities.Entreprise@6fced25c, tn.esprit.spring.entities.Entreprise@3cf4dec7, tn.esprit.spring.entities.Entreprise@1b94c789]
2021-12-03 01:30:09.810  INFO 8800 --- [main] t.e.s.services.EntrepriseServiceImpl     : retrieve all entreprise : [tn.esprit.spring.entities.Entreprise@6ac756b, tn.esprit.spring.entities.Entreprise@1e29a81a, tn.esprit.spring.entities.Entreprise@7b4b8199, tn.esprit.spring.entities.Entreprise@4bbf20d1, tn.esprit.spring.entities.Entreprise@6fced25c, tn.esprit.spring.entities.Entreprise@3cf4dec7, tn.esprit.spring.entities.Entreprise@1b94c789]
2021-12-03 01:30:09.811  INFO 8800 --- [main] tn.esprit.spring.test.EntrepriseTest     : retrieve entreprise : [tn.esprit.spring.entities.Entreprise@6ac756b, tn.esprit.spring.entities.Entreprise@1e29a81a, tn.esprit.spring.entities.Entreprise@7b4b8199, tn.esprit.spring.entities.Entreprise@4bbf20d1, tn.esprit.spring.entities.Entreprise@6fced25c, tn.esprit.spring.entities.Entreprise@3cf4dec7, tn.esprit.spring.entities.Entreprise@1b94c789]
2021-12-03 01:30:11.394  INFO 8800 --- [Thread-2] o.s.s.concurrent.ThreadPoolTaskExecutor  : Shutting down ExecutorService 'applicationTaskExecutor'
2021-12-03 01:30:11.405  INFO 8800 --- [Thread-2] j.LocalContainerEntityManagerFactoryBean : Closing JPA EntityManagerFactory for persistence unit 'default'
2021-12-03 01:30:11.415  INFO 8800 --- [Thread-2] com.zaxxer.hikari.HikariDataSource       : HikariPool-1 - Shutdown initiated...
2021-12-03 01:30:11.424  INFO 7884 --- [Thread-2] o.s.s.concurrent.ThreadPoolTaskExecutor  : Shutting down ExecutorService 'applicationTaskExecutor'
2021-12-03 01:30:11.429  INFO 7884 --- [Thread-2] j.LocalContainerEntityManagerFactoryBean : Closing JPA EntityManagerFactory for persistence unit 'default'
2021-12-03 01:30:11.436  INFO 7884 --- [Thread-2] com.zaxxer.hikari.HikariDataSource       : HikariPool-1 - Shutdown initiated...
2021-12-03 01:30:11.455  INFO 3372 --- [Thread-2] o.s.s.concurrent.ThreadPoolTaskExecutor  : Shutting down ExecutorService 'applicationTaskExecutor'
2021-12-03 01:30:11.460  INFO 3372 --- [Thread-2] j.LocalContainerEntityManagerFactoryBean : Closing JPA EntityManagerFactory for persistence unit 'default'
2021-12-03 01:30:11.468  INFO 3372 --- [Thread-2] com.zaxxer.hikari.HikariDataSource       : HikariPool-1 - Shutdown initiated...
2021-12-03 01:30:14.228  INFO 3372 --- [Thread-2] com.zaxxer.hikari.HikariDataSource       : HikariPool-1 - Shutdown completed.
2021-12-03 01:30:14.235  INFO 8800 --- [Thread-2] com.zaxxer.hikari.HikariDataSource       : HikariPool-1 - Shutdown completed.
2021-12-03 01:30:14.350  INFO 7884 --- [Thread-2] com.zaxxer.hikari.HikariDataSource       : HikariPool-1 - Shutdown completed.
